#
# A fatal error has been detected by the Java Runtime Environment:
#
#  SIGSEGV (0xb) at pc=0x00007fff8585f846, pid=70950, tid=55043
#
# JRE version: Java(TM) SE Runtime Environment (8.0_05-b13) (build 1.8.0_05-b13)
# Java VM: Java HotSpot(TM) 64-Bit Server VM (25.5-b02 mixed mode bsd-amd64 compressed oops)
# Problematic frame:
# C  [CoreFoundation+0xd3846]  __CFRunLoopModeDeallocate+0xa6
#
# Failed to write core dump. Core dumps have been disabled. To enable core dumping, try "ulimit -c unlimited" before starting Java again
#
# If you would like to submit a bug report, please visit:
#   http://bugreport.sun.com/bugreport/crash.jsp
#

---------------  T H R E A D  ---------------

Current thread is native thread

siginfo:si_signo=SIGSEGV: si_errno=0, si_code=1 (SEGV_MAPERR), si_addr=0x0000000128013004

Registers:
RAX=0x0000000000000001, RBX=0x0000000000000001, RCX=0x0000000128013000, RDX=0x000000000000d807
RSP=0x000000012cf05a00, RBP=0x000000012cf05a30, RSI=0x000000000000db03, RDI=0x000000000000220b
R8 =0x000000000000da03, R9 =0x0000000000000000, R10=0x0000000128013000, R11=0x0000000000000206
R12=0x00007fff75750244, R13=0x0000000100002b80, R14=0x00007ff831568280, R15=0x000000000000d807
RIP=0x00007fff8585f846, EFLAGS=0x0000000000010293, ERR=0x0000000000000004
  TRAPNO=0x000000000000000e

Top of Stack: (sp=0x000000012cf05a00)
0x000000012cf05a00:   0000000300000007 0000000128013000
0x000000012cf05a10:   0000000000000001 00007ff831568288
0x000000012cf05a20:   000000000000002b 00007ff831568280
0x000000012cf05a30:   000000012cf05a80 00007fff857a4e8e
0x000000012cf05a40:   0000000000000003 ffffffffffffffff
0x000000012cf05a50:   000000012cf05af0 00007fff857c53d0
0x000000012cf05a60:   00000000a7baadb1 00007ff831568280
0x000000012cf05a70:   00007ff833902500 0000000000000002
0x000000012cf05a80:   000000012cf05af0 00007fff857b4b92
0x000000012cf05a90:   00007ff833902870 0000000000000000
0x000000012cf05aa0:   00007fff74524ed0 0000000000000000
0x000000012cf05ab0:   00007ff831568240 0000000000000000
0x000000012cf05ac0:   0000000000000003 0000000000000001
0x000000012cf05ad0:   00007ff831568248 0000000100001180
0x000000012cf05ae0:   0000000000000011 00007ff831568240
0x000000012cf05af0:   000000012cf05b40 00007fff857a4e8e
0x000000012cf05b00:   00000001857eb630 ffffffffffffffff
0x000000012cf05b10:   00007ff831568168 0000000000000000
0x000000012cf05b20:   00007ff831568148 0000000100002a80
0x000000012cf05b30:   00007ff831568150 00007ff831568140
0x000000012cf05b40:   000000012cf05b70 00007fff8585f1d2
0x000000012cf05b50:   0000000000000001 00007ff831568148
0x000000012cf05b60:   000000000000002a 00007ff831568140
0x000000012cf05b70:   000000012cf05bc0 00007fff857a4e8e
0x000000012cf05b80:   00007ff831568140 ffffffffffffffff
0x000000012cf05b90:   000000012cf05bc0 0000000000000052
0x000000012cf05ba0:   000000012cf06000 00000000000008ff
0x000000012cf05bb0:   00007ff8340d9038 00007ff837282800
0x000000012cf05bc0:   000000012cf05bf0 00007fff8585ecf4
0x000000012cf05bd0:   000000000000005f 000000000000002d
0x000000012cf05be0:   00007fff751cac40 0000000000000002
0x000000012cf05bf0:   000000012cf05c20 00007fff8ad3978a 

Instructions: (pc=0x00007fff8585f846)
0x00007fff8585f826:   85 c0 75 47 31 db 83 7d d4 00 41 8b 3c 24 74 2f
0x00007fff8585f836:   66 2e 0f 1f 84 00 00 00 00 00 89 d8 48 8b 4d d8
0x00007fff8585f846:   8b 34 81 44 89 fa e8 83 58 0f 00 ff c3 8b 45 d4
0x00007fff8585f856:   41 8b 3c 24 39 c3 72 e2 48 c1 e0 02 48 89 c3 48 

Register to memory mapping:

RAX=0x0000000000000001 is an unknown value
RBX=0x0000000000000001 is an unknown value
RCX=0x0000000128013000 is an unknown value
RDX=0x000000000000d807 is an unknown value
RSP=0x000000012cf05a00 is an unknown value
RBP=0x000000012cf05a30 is an unknown value
RSI=0x000000000000db03 is an unknown value
RDI=0x000000000000220b is an unknown value
R8 =0x000000000000da03 is an unknown value
R9 =0x0000000000000000 is an unknown value
R10=0x0000000128013000 is an unknown value
R11=0x0000000000000206 is an unknown value
R12=0x00007fff75750244: mach_task_self_+0 in /usr/lib/system/libsystem_kernel.dylib at 0x00007fff8da34000
R13=0x0000000100002b80 is an unknown value
R14=0x00007ff831568280 is an unknown value
R15=0x000000000000d807 is an unknown value


Stack: [0x000000012ce86000,0x000000012cf06000],  sp=0x000000012cf05a00,  free space=510k
Native frames: (J=compiled Java code, j=interpreted, Vv=VM code, C=native code)
C  [CoreFoundation+0xd3846]  __CFRunLoopModeDeallocate+0xa6
C  [CoreFoundation+0x18e8e]  CFRelease+0x20e
C  [CoreFoundation+0x28b92]  __CFBasicHashDrain+0x1f2
C  [CoreFoundation+0x18e8e]  CFRelease+0x20e
C  [CoreFoundation+0xd31d2]  __CFRunLoopDeallocate+0x132
C  [CoreFoundation+0x18e8e]  CFRelease+0x20e
C  [CoreFoundation+0xd2cf4]  __CFTSDFinalize+0x64
C  [libsystem_pthread.dylib+0x478a]  _pthread_tsd_cleanup+0xb6
C  [libsystem_pthread.dylib+0x4451]  _pthread_exit+0x75
C  [libsystem_pthread.dylib+0x43bb]  pthread_exit+0x1e
C  [Foundation+0x9cb0c]  +[NSThread exit]+0xb
C  [Foundation+0x3edd6]  __NSThread__main__+0x555
C  [libsystem_pthread.dylib+0x3268]  _pthread_body+0x83
C  [libsystem_pthread.dylib+0x31e5]  _pthread_body+0x0
C  [libsystem_pthread.dylib+0x141d]  thread_start+0xd


---------------  P R O C E S S  ---------------

VM state:not at safepoint (normal execution)

VM Mutex/Monitor currently owned by a thread:  ([mutex/lock_event])
[0x00007ff8314203b0] AdapterHandlerLibrary_lock - owner thread: 0x0000000000000000

Heap:
 PSYoungGen      total 124416K, used 46064K [0x000000076ab00000, 0x0000000772e00000, 0x00000007c0000000)
  eden space 123392K, 36% used [0x000000076ab00000,0x000000076d6fc2f0,0x0000000772380000)
  from space 1024K, 100% used [0x0000000772580000,0x0000000772680000,0x0000000772680000)
  to   space 2048K, 0% used [0x0000000772380000,0x0000000772380000,0x0000000772580000)
 ParOldGen       total 260608K, used 42491K [0x00000006c0000000, 0x00000006cfe80000, 0x000000076ab00000)
  object space 260608K, 16% used [0x00000006c0000000,0x00000006c297ec10,0x00000006cfe80000)
 Metaspace       used 4765K, capacity 5056K, committed 5248K, reserved 1056768K
  class space    used 538K, capacity 560K, committed 640K, reserved 1048576K

Card table byte_map: [0x00000001196c5000,0x0000000119ec6000] byte_map_base: 0x00000001160c5000

Marking Bits: (ParMarkBitMap*) 0x0000000109c660a0
 Begin Bits: [0x000000011ac34000, 0x000000011ec34000)
 End Bits:   [0x000000011ec34000, 0x0000000122c34000)

Polling page: 0x00000001083f8000

CodeCache: size=245760Kb used=2817Kb max_used=2823Kb free=242942Kb
 bounds [0x000000010a305000, 0x000000010a5d5000, 0x0000000119305000]
 total_blobs=713 nmethods=434 adapters=195
 compilation: enabled

Compilation events (10 events):
Event: 12.679 Thread 0x00007ff833017800 nmethod 441 0x000000010a5bcd90 code [0x000000010a5bcee0, 0x000000010a5bcfd0]
Event: 12.685 Thread 0x00007ff831820800  442       4       java.util.AbstractSet::<init> (5 bytes)
Event: 12.685 Thread 0x00007ff831820800 nmethod 442 0x000000010a5c5110 code [0x000000010a5c5240, 0x000000010a5c5298]
Event: 12.687 Thread 0x00007ff833016800  443       4       java.util.HashMap::putVal (300 bytes)
Event: 12.697 Thread 0x00007ff831822000  444       4       java.util.HashMap::put (13 bytes)
Event: 12.700 Thread 0x00007ff833017800  445       3       java.util.WeakHashMap::indexFor (6 bytes)
Event: 12.700 Thread 0x00007ff833017800 nmethod 445 0x000000010a5c3e10 code [0x000000010a5c3f60, 0x000000010a5c4090]
Event: 12.700 Thread 0x00007ff833017800  446   !   3       java.util.zip.Inflater::inflate (113 bytes)
Event: 12.701 Thread 0x00007ff833017800 nmethod 446 0x000000010a5c32d0 code [0x000000010a5c3480, 0x000000010a5c3ad8]
Event: 12.702 Thread 0x00007ff833016800 nmethod 443 0x000000010a5c8a10 code [0x000000010a5c8c00, 0x000000010a5c96d0]

GC Heap History (10 events):
Event: 11.753 GC heap before
{Heap before GC invocations=148 (full 0):
 PSYoungGen      total 87040K, used 86912K [0x000000076ab00000, 0x0000000772300000, 0x00000007c0000000)
  eden space 86016K, 100% used [0x000000076ab00000,0x000000076ff00000,0x000000076ff00000)
  from space 1024K, 87% used [0x0000000772080000,0x0000000772160000,0x0000000772180000)
  to   space 1536K, 0% used [0x0000000772180000,0x0000000772180000,0x0000000772300000)
 ParOldGen       total 260608K, used 38019K [0x00000006c0000000, 0x00000006cfe80000, 0x000000076ab00000)
  object space 260608K, 14% used [0x00000006c0000000,0x00000006c2520c10,0x00000006cfe80000)
 Metaspace       used 3331K, capacity 4856K, committed 5120K, reserved 1056768K
  class space    used 352K, capacity 424K, committed 512K, reserved 1048576K
Event: 11.754 GC heap after
Heap after GC invocations=148 (full 0):
 PSYoungGen      total 104448K, used 896K [0x000000076ab00000, 0x0000000772280000, 0x00000007c0000000)
  eden space 103424K, 0% used [0x000000076ab00000,0x000000076ab00000,0x0000000771000000)
  from space 1024K, 87% used [0x0000000772180000,0x0000000772260000,0x0000000772280000)
  to   space 1536K, 0% used [0x0000000771f80000,0x0000000771f80000,0x0000000772100000)
 ParOldGen       total 260608K, used 38819K [0x00000006c0000000, 0x00000006cfe80000, 0x000000076ab00000)
  object space 260608K, 14% used [0x00000006c0000000,0x00000006c25e8c10,0x00000006cfe80000)
 Metaspace       used 3331K, capacity 4856K, committed 5120K, reserved 1056768K
  class space    used 352K, capacity 424K, committed 512K, reserved 1048576K
}
Event: 11.893 GC heap before
{Heap before GC invocations=149 (full 0):
 PSYoungGen      total 104448K, used 104320K [0x000000076ab00000, 0x0000000772280000, 0x00000007c0000000)
  eden space 103424K, 100% used [0x000000076ab00000,0x0000000771000000,0x0000000771000000)
  from space 1024K, 87% used [0x0000000772180000,0x0000000772260000,0x0000000772280000)
  to   space 1536K, 0% used [0x0000000771f80000,0x0000000771f80000,0x0000000772100000)
 ParOldGen       total 260608K, used 38819K [0x00000006c0000000, 0x00000006cfe80000, 0x000000076ab00000)
  object space 260608K, 14% used [0x00000006c0000000,0x00000006c25e8c10,0x00000006cfe80000)
 Metaspace       used 3331K, capacity 4856K, committed 5120K, reserved 1056768K
  class space    used 352K, capacity 424K, committed 512K, reserved 1048576K
Event: 11.895 GC heap after
Heap after GC invocations=149 (full 0):
 PSYoungGen      total 120832K, used 960K [0x000000076ab00000, 0x0000000772780000, 0x00000007c0000000)
  eden space 119296K, 0% used [0x000000076ab00000,0x000000076ab00000,0x0000000771f80000)
  from space 1536K, 62% used [0x0000000771f80000,0x0000000772070000,0x0000000772100000)
  to   space 1536K, 0% used [0x0000000772600000,0x0000000772600000,0x0000000772780000)
 ParOldGen       total 260608K, used 39571K [0x00000006c0000000, 0x00000006cfe80000, 0x000000076ab00000)
  object space 260608K, 15% used [0x00000006c0000000,0x00000006c26a4c10,0x00000006cfe80000)
 Metaspace       used 3331K, capacity 4856K, committed 5120K, reserved 1056768K
  class space    used 352K, capacity 424K, committed 512K, reserved 1048576K
}
Event: 12.072 GC heap before
{Heap before GC invocations=150 (full 0):
 PSYoungGen      total 120832K, used 120256K [0x000000076ab00000, 0x0000000772780000, 0x00000007c0000000)
  eden space 119296K, 100% used [0x000000076ab00000,0x0000000771f80000,0x0000000771f80000)
  from space 1536K, 62% used [0x0000000771f80000,0x0000000772070000,0x0000000772100000)
  to   space 1536K, 0% used [0x0000000772600000,0x0000000772600000,0x0000000772780000)
 ParOldGen       total 260608K, used 39571K [0x00000006c0000000, 0x00000006cfe80000, 0x000000076ab00000)
  object space 260608K, 15% used [0x00000006c0000000,0x00000006c26a4c10,0x00000006cfe80000)
 Metaspace       used 3331K, capacity 4856K, committed 5120K, reserved 1056768K
  class space    used 352K, capacity 424K, committed 512K, reserved 1048576K
Event: 12.073 GC heap after
Heap after GC invocations=150 (full 0):
 PSYoungGen      total 115200K, used 1152K [0x000000076ab00000, 0x0000000772780000, 0x00000007c0000000)
  eden space 113664K, 0% used [0x000000076ab00000,0x000000076ab00000,0x0000000771a00000)
  from space 1536K, 75% used [0x0000000772600000,0x0000000772720000,0x0000000772780000)
  to   space 1536K, 0% used [0x0000000772480000,0x0000000772480000,0x0000000772600000)
 ParOldGen       total 260608K, used 40459K [0x00000006c0000000, 0x00000006cfe80000, 0x000000076ab00000)
  object space 260608K, 15% used [0x00000006c0000000,0x00000006c2782c10,0x00000006cfe80000)
 Metaspace       used 3331K, capacity 4856K, committed 5120K, reserved 1056768K
  class space    used 352K, capacity 424K, committed 512K, reserved 1048576K
}
Event: 12.234 GC heap before
{Heap before GC invocations=151 (full 0):
 PSYoungGen      total 115200K, used 114816K [0x000000076ab00000, 0x0000000772780000, 0x00000007c0000000)
  eden space 113664K, 100% used [0x000000076ab00000,0x0000000771a00000,0x0000000771a00000)
  from space 1536K, 75% used [0x0000000772600000,0x0000000772720000,0x0000000772780000)
  to   space 1536K, 0% used [0x0000000772480000,0x0000000772480000,0x0000000772600000)
 ParOldGen       total 260608K, used 40459K [0x00000006c0000000, 0x00000006cfe80000, 0x000000076ab00000)
  object space 260608K, 15% used [0x00000006c0000000,0x00000006c2782c10,0x00000006cfe80000)
 Metaspace       used 3331K, capacity 4856K, committed 5120K, reserved 1056768K
  class space    used 352K, capacity 424K, committed 512K, reserved 1048576K
Event: 12.235 GC heap after
Heap after GC invocations=151 (full 0):
 PSYoungGen      total 109056K, used 1024K [0x000000076ab00000, 0x0000000772680000, 0x00000007c0000000)
  eden space 108032K, 0% used [0x000000076ab00000,0x000000076ab00000,0x0000000771480000)
  from space 1024K, 100% used [0x0000000772480000,0x0000000772580000,0x0000000772580000)
  to   space 1024K, 0% used [0x0000000772580000,0x0000000772580000,0x0000000772680000)
 ParOldGen       total 260608K, used 41491K [0x00000006c0000000, 0x00000006cfe80000, 0x000000076ab00000)
  object space 260608K, 15% used [0x00000006c0000000,0x00000006c2884c10,0x00000006cfe80000)
 Metaspace       used 3331K, capacity 4856K, committed 5120K, reserved 1056768K
  class space    used 352K, capacity 424K, committed 512K, reserved 1048576K
}
Event: 12.388 GC heap before
{Heap before GC invocations=152 (full 0):
 PSYoungGen      total 109056K, used 109056K [0x000000076ab00000, 0x0000000772680000, 0x00000007c0000000)
  eden space 108032K, 100% used [0x000000076ab00000,0x0000000771480000,0x0000000771480000)
  from space 1024K, 100% used [0x0000000772480000,0x0000000772580000,0x0000000772580000)
  to   space 1024K, 0% used [0x0000000772580000,0x0000000772580000,0x0000000772680000)
 ParOldGen       total 260608K, used 41491K [0x00000006c0000000, 0x00000006cfe80000, 0x000000076ab00000)
  object space 260608K, 15% used [0x00000006c0000000,0x00000006c2884c10,0x00000006cfe80000)
 Metaspace       used 3331K, capacity 4856K, committed 5120K, reserved 1056768K
  class space    used 352K, capacity 424K, committed 512K, reserved 1048576K
Event: 12.390 GC heap after
Heap after GC invocations=152 (full 0):
 PSYoungGen      total 124416K, used 1024K [0x000000076ab00000, 0x0000000772e00000, 0x00000007c0000000)
  eden space 123392K, 0% used [0x000000076ab00000,0x000000076ab00000,0x0000000772380000)
  from space 1024K, 100% used [0x0000000772580000,0x0000000772680000,0x0000000772680000)
  to   space 2048K, 0% used [0x0000000772380000,0x0000000772380000,0x0000000772580000)
 ParOldGen       total 260608K, used 42491K [0x00000006c0000000, 0x00000006cfe80000, 0x000000076ab00000)
  object space 260608K, 16% used [0x00000006c0000000,0x00000006c297ec10,0x00000006cfe80000)
 Metaspace       used 3331K, capacity 4856K, committed 5120K, reserved 1056768K
  class space    used 352K, capacity 424K, committed 512K, reserved 1048576K
}

Deoptimization events (10 events):
Event: 9.677 Thread 0x00007ff832001000 Uncommon trap: reason=class_check action=maybe_recompile pc=0x000000010a59438c method=burlap.behavior.singleagent.planning.commonpolicies.GreedyQPolicy.getAction(Lburlap/oomdp/core/State;)Lburlap/oomdp/core/AbstractGroundedAction; @ 5
Event: 9.678 Thread 0x00007ff832001000 Uncommon trap: reason=class_check action=maybe_recompile pc=0x000000010a59438c method=burlap.behavior.singleagent.planning.commonpolicies.GreedyQPolicy.getAction(Lburlap/oomdp/core/State;)Lburlap/oomdp/core/AbstractGroundedAction; @ 5
Event: 12.449 Thread 0x00007ff832001000 Uncommon trap: reason=class_check action=maybe_recompile pc=0x000000010a4906fc method=java.util.HashMap.putVal(ILjava/lang/Object;Ljava/lang/Object;ZZ)Ljava/lang/Object; @ 91
Event: 12.449 Thread 0x00007ff832001000 Uncommon trap: reason=class_check action=maybe_recompile pc=0x000000010a4906fc method=java.util.HashMap.putVal(ILjava/lang/Object;Ljava/lang/Object;ZZ)Ljava/lang/Object; @ 91
Event: 12.449 Thread 0x00007ff832001000 Uncommon trap: reason=class_check action=maybe_recompile pc=0x000000010a4906fc method=java.util.HashMap.putVal(ILjava/lang/Object;Ljava/lang/Object;ZZ)Ljava/lang/Object; @ 91
Event: 12.449 Thread 0x00007ff832001000 Uncommon trap: reason=class_check action=maybe_recompile pc=0x000000010a4906fc method=java.util.HashMap.putVal(ILjava/lang/Object;Ljava/lang/Object;ZZ)Ljava/lang/Object; @ 91
Event: 12.449 Thread 0x00007ff832001000 Uncommon trap: reason=class_check action=maybe_recompile pc=0x000000010a48b734 method=java.util.HashMap.putVal(ILjava/lang/Object;Ljava/lang/Object;ZZ)Ljava/lang/Object; @ 91
Event: 12.450 Thread 0x00007ff832001000 Uncommon trap: reason=bimorphic action=maybe_recompile pc=0x000000010a46a38c method=java.util.HashMap.getNode(ILjava/lang/Object;)Ljava/util/HashMap$Node; @ 126
Event: 12.451 Thread 0x00007ff832001000 Uncommon trap: reason=bimorphic action=maybe_recompile pc=0x000000010a4b413c method=java.util.ArrayList.<init>(Ljava/util/Collection;)V @ 6
Event: 12.492 Thread 0x00007ff837bbf800 Uncommon trap: reason=unreached action=reinterpret pc=0x000000010a4aeb20 method=java.util.Arrays.copyOf([Ljava/lang/Object;ILjava/lang/Class;)[Ljava/lang/Object; @ 3

Internal exceptions (10 events):
Event: 12.450 Thread 0x00007ff832001000 Exception <a 'java/security/PrivilegedActionException'> (0x000000076d26e298) thrown at [/HUDSON/workspace/8-2-build-macosx-x86_64/jdk8u5/2488/hotspot/src/share/vm/prims/jvm.cpp, line 1248]
Event: 12.450 Thread 0x00007ff832001000 Exception <a 'java/security/PrivilegedActionException'> (0x000000076d26e450) thrown at [/HUDSON/workspace/8-2-build-macosx-x86_64/jdk8u5/2488/hotspot/src/share/vm/prims/jvm.cpp, line 1248]
Event: 12.677 Thread 0x00007ff832001000 Exception <a 'java/io/FileNotFoundException'> (0x000000076d2734d0) thrown at [/HUDSON/workspace/8-2-build-macosx-x86_64/jdk8u5/2488/hotspot/src/share/vm/prims/jni.cpp, line 716]
Event: 12.678 Thread 0x00007ff832001000 Exception <a 'java/io/FileNotFoundException'> (0x000000076d273fa8) thrown at [/HUDSON/workspace/8-2-build-macosx-x86_64/jdk8u5/2488/hotspot/src/share/vm/prims/jni.cpp, line 716]
Event: 12.679 Thread 0x00007ff832001000 Exception <a 'java/security/PrivilegedActionException'> (0x000000076d2767e8) thrown at [/HUDSON/workspace/8-2-build-macosx-x86_64/jdk8u5/2488/hotspot/src/share/vm/prims/jvm.cpp, line 1248]
Event: 12.679 Thread 0x00007ff832001000 Exception <a 'java/security/PrivilegedActionException'> (0x000000076d27a7e0) thrown at [/HUDSON/workspace/8-2-build-macosx-x86_64/jdk8u5/2488/hotspot/src/share/vm/prims/jvm.cpp, line 1248]
Event: 12.680 Thread 0x00007ff832001000 Exception <a 'java/security/PrivilegedActionException'> (0x000000076d27ebe8) thrown at [/HUDSON/workspace/8-2-build-macosx-x86_64/jdk8u5/2488/hotspot/src/share/vm/prims/jvm.cpp, line 1248]
Event: 12.680 Thread 0x00007ff832001000 Exception <a 'java/security/PrivilegedActionException'> (0x000000076d282ca8) thrown at [/HUDSON/workspace/8-2-build-macosx-x86_64/jdk8u5/2488/hotspot/src/share/vm/prims/jvm.cpp, line 1248]
Event: 12.692 Thread 0x00007ff832001000 Exception <a 'java/security/PrivilegedActionException'> (0x000000076d28f5a0) thrown at [/HUDSON/workspace/8-2-build-macosx-x86_64/jdk8u5/2488/hotspot/src/share/vm/prims/jvm.cpp, line 1248]
Event: 12.700 Thread 0x00007ff832001000 Exception <a 'java/security/PrivilegedActionException'> (0x000000076d29de58) thrown at [/HUDSON/workspace/8-2-build-macosx-x86_64/jdk8u5/2488/hotspot/src/share/vm/prims/jvm.cpp, line 1248]

Events (10 events):
Event: 12.703 loading class sun/java2d/SunGraphicsEnvironment done
Event: 12.703 loading class sun/awt/CGraphicsEnvironment done
Event: 12.703 loading class sun/awt/CGraphicsEnvironment$1
Event: 12.703 loading class sun/awt/CGraphicsEnvironment$1 done
Event: 12.703 loading class sun/awt/CGraphicsEnvironment$2
Event: 12.703 loading class sun/awt/CGraphicsEnvironment$2 done
Event: 12.704 loading class sun/java2d/MacosxSurfaceManagerFactory
Event: 12.704 loading class sun/java2d/SurfaceManagerFactory
Event: 12.704 loading class sun/java2d/SurfaceManagerFactory done
Event: 12.704 loading class sun/java2d/MacosxSurfaceManagerFactory done


Dynamic libraries:
0x0000000004240000 	/System/Library/Frameworks/Cocoa.framework/Versions/A/Cocoa
0x0000000004240000 	/System/Library/Frameworks/Security.framework/Versions/A/Security
0x0000000004240000 	/System/Library/Frameworks/ApplicationServices.framework/Versions/A/ApplicationServices
0x0000000004240000 	/usr/lib/libz.1.dylib
0x0000000004240000 	/usr/lib/libSystem.B.dylib
0x0000000004240000 	/usr/lib/libobjc.A.dylib
0x0000000004240000 	/System/Library/Frameworks/CoreFoundation.framework/Versions/A/CoreFoundation
0x0000000004240000 	/System/Library/Frameworks/Foundation.framework/Versions/C/Foundation
0x0000000004240000 	/System/Library/Frameworks/AppKit.framework/Versions/C/AppKit
0x0000000004240000 	/System/Library/Frameworks/CoreData.framework/Versions/A/CoreData
0x0000000004240000 	/System/Library/PrivateFrameworks/RemoteViewServices.framework/Versions/A/RemoteViewServices
0x0000000004240000 	/System/Library/PrivateFrameworks/UIFoundation.framework/Versions/A/UIFoundation
0x0000000004240000 	/System/Library/Frameworks/IOSurface.framework/Versions/A/IOSurface
0x0000000004240000 	/System/Library/Frameworks/AudioToolbox.framework/Versions/A/AudioToolbox
0x0000000004240000 	/System/Library/Frameworks/AudioUnit.framework/Versions/A/AudioUnit
0x0000000004240000 	/System/Library/PrivateFrameworks/DataDetectorsCore.framework/Versions/A/DataDetectorsCore
0x0000000004240000 	/System/Library/PrivateFrameworks/DesktopServicesPriv.framework/Versions/A/DesktopServicesPriv
0x0000000004240000 	/System/Library/Frameworks/Carbon.framework/Versions/A/Frameworks/HIToolbox.framework/Versions/A/HIToolbox
0x0000000004240000 	/System/Library/Frameworks/QuartzCore.framework/Versions/A/QuartzCore
0x0000000004240000 	/System/Library/Frameworks/Carbon.framework/Versions/A/Frameworks/SpeechRecognition.framework/Versions/A/SpeechRecognition
0x0000000004240000 	/usr/lib/libauto.dylib
0x0000000004240000 	/usr/lib/libicucore.A.dylib
0x0000000004240000 	/usr/lib/libxml2.2.dylib
0x0000000004240000 	/System/Library/PrivateFrameworks/CoreUI.framework/Versions/A/CoreUI
0x0000000004240000 	/System/Library/Frameworks/CoreAudio.framework/Versions/A/CoreAudio
0x0000000004240000 	/System/Library/Frameworks/DiskArbitration.framework/Versions/A/DiskArbitration
0x0000000004240000 	/usr/lib/liblangid.dylib
0x0000000004240000 	/System/Library/PrivateFrameworks/MultitouchSupport.framework/Versions/A/MultitouchSupport
0x0000000004240000 	/System/Library/Frameworks/IOKit.framework/Versions/A/IOKit
0x0000000004240000 	/usr/lib/libDiagnosticMessagesClient.dylib
0x0000000004240000 	/System/Library/Frameworks/CoreServices.framework/Versions/A/CoreServices
0x0000000004240000 	/System/Library/PrivateFrameworks/PerformanceAnalysis.framework/Versions/A/PerformanceAnalysis
0x0000000004240000 	/System/Library/PrivateFrameworks/GenerationalStorage.framework/Versions/A/GenerationalStorage
0x0000000004240000 	/System/Library/Frameworks/OpenGL.framework/Versions/A/OpenGL
0x0000000004240000 	/System/Library/PrivateFrameworks/Sharing.framework/Versions/A/Sharing
0x0000000004240000 	/System/Library/Frameworks/CoreGraphics.framework/Versions/A/CoreGraphics
0x0000000004240000 	/System/Library/Frameworks/CoreText.framework/Versions/A/CoreText
0x0000000004240000 	/System/Library/Frameworks/ImageIO.framework/Versions/A/ImageIO
0x0000000004240000 	/usr/lib/libextension.dylib
0x0000000004240000 	/System/Library/PrivateFrameworks/Backup.framework/Versions/A/Backup
0x0000000004240000 	/usr/lib/libarchive.2.dylib
0x0000000004240000 	/System/Library/Frameworks/CFNetwork.framework/Versions/A/CFNetwork
0x0000000004240000 	/System/Library/Frameworks/SystemConfiguration.framework/Versions/A/SystemConfiguration
0x0000000004240000 	/usr/lib/libCRFSuite.dylib
0x0000000004240000 	/usr/lib/libc++.1.dylib
0x0000000004240000 	/usr/lib/libc++abi.dylib
0x0000000004240000 	/usr/lib/system/libcache.dylib
0x0000000004240000 	/usr/lib/system/libcommonCrypto.dylib
0x0000000004240000 	/usr/lib/system/libcompiler_rt.dylib
0x0000000004240000 	/usr/lib/system/libcopyfile.dylib
0x0000000004240000 	/usr/lib/system/libcorecrypto.dylib
0x0000000004240000 	/usr/lib/system/libdispatch.dylib
0x0000000004240000 	/usr/lib/system/libdyld.dylib
0x0000000004240000 	/usr/lib/system/libkeymgr.dylib
0x0000000004240000 	/usr/lib/system/liblaunch.dylib
0x0000000004240000 	/usr/lib/system/libmacho.dylib
0x0000000004240000 	/usr/lib/system/libquarantine.dylib
0x0000000004240000 	/usr/lib/system/libremovefile.dylib
0x0000000004240000 	/usr/lib/system/libsystem_asl.dylib
0x0000000004240000 	/usr/lib/system/libsystem_blocks.dylib
0x0000000004240000 	/usr/lib/system/libsystem_c.dylib
0x0000000004240000 	/usr/lib/system/libsystem_configuration.dylib
0x0000000004240000 	/usr/lib/system/libsystem_coreservices.dylib
0x0000000004240000 	/usr/lib/system/libsystem_coretls.dylib
0x0000000004240000 	/usr/lib/system/libsystem_dnssd.dylib
0x0000000004240000 	/usr/lib/system/libsystem_info.dylib
0x0000000004240000 	/usr/lib/system/libsystem_kernel.dylib
0x0000000004240000 	/usr/lib/system/libsystem_m.dylib
0x0000000004240000 	/usr/lib/system/libsystem_malloc.dylib
0x0000000004240000 	/usr/lib/system/libsystem_network.dylib
0x0000000004240000 	/usr/lib/system/libsystem_networkextension.dylib
0x0000000004240000 	/usr/lib/system/libsystem_notify.dylib
0x0000000004240000 	/usr/lib/system/libsystem_platform.dylib
0x0000000004240000 	/usr/lib/system/libsystem_pthread.dylib
0x0000000004240000 	/usr/lib/system/libsystem_sandbox.dylib
0x0000000004240000 	/usr/lib/system/libsystem_secinit.dylib
0x0000000004240000 	/usr/lib/system/libsystem_stats.dylib
0x0000000004240000 	/usr/lib/system/libsystem_trace.dylib
0x0000000004240000 	/usr/lib/system/libunc.dylib
0x0000000004240000 	/usr/lib/system/libunwind.dylib
0x0000000004240000 	/usr/lib/system/libxpc.dylib
0x0000000004240000 	/usr/lib/libbz2.1.0.dylib
0x0000000004240000 	/usr/lib/liblzma.5.dylib
0x0000000004240000 	/usr/lib/libbsm.0.dylib
0x0000000004240000 	/usr/lib/libsqlite3.dylib
0x0000000004240000 	/usr/lib/system/libkxld.dylib
0x0000000004240000 	/usr/lib/libxar.1.dylib
0x0000000004240000 	/usr/lib/libpam.2.dylib
0x0000000004240000 	/usr/lib/libOpenScriptingUtil.dylib
0x0000000004240000 	/System/Library/Frameworks/CoreServices.framework/Versions/A/Frameworks/FSEvents.framework/Versions/A/FSEvents
0x0000000004240000 	/System/Library/Frameworks/CoreServices.framework/Versions/A/Frameworks/CarbonCore.framework/Versions/A/CarbonCore
0x0000000004240000 	/System/Library/Frameworks/CoreServices.framework/Versions/A/Frameworks/Metadata.framework/Versions/A/Metadata
0x0000000004240000 	/System/Library/Frameworks/CoreServices.framework/Versions/A/Frameworks/OSServices.framework/Versions/A/OSServices
0x0000000004240000 	/System/Library/Frameworks/CoreServices.framework/Versions/A/Frameworks/SearchKit.framework/Versions/A/SearchKit
0x0000000004240000 	/System/Library/Frameworks/CoreServices.framework/Versions/A/Frameworks/AE.framework/Versions/A/AE
0x0000000004240000 	/System/Library/Frameworks/CoreServices.framework/Versions/A/Frameworks/LaunchServices.framework/Versions/A/LaunchServices
0x0000000004240000 	/System/Library/Frameworks/CoreServices.framework/Versions/A/Frameworks/DictionaryServices.framework/Versions/A/DictionaryServices
0x0000000004240000 	/System/Library/Frameworks/NetFS.framework/Versions/A/NetFS
0x0000000004240000 	/System/Library/PrivateFrameworks/NetAuth.framework/Versions/A/NetAuth
0x0000000004240000 	/System/Library/PrivateFrameworks/login.framework/Versions/A/Frameworks/loginsupport.framework/Versions/A/loginsupport
0x0000000004240000 	/System/Library/PrivateFrameworks/TCC.framework/Versions/A/TCC
0x0000000004240000 	/usr/lib/libmecabra.dylib
0x0000000004240000 	/System/Library/Frameworks/ApplicationServices.framework/Versions/A/Frameworks/ATS.framework/Versions/A/ATS
0x0000000004240000 	/System/Library/Frameworks/ApplicationServices.framework/Versions/A/Frameworks/ColorSync.framework/Versions/A/ColorSync
0x0000000004240000 	/System/Library/Frameworks/ApplicationServices.framework/Versions/A/Frameworks/HIServices.framework/Versions/A/HIServices
0x0000000004240000 	/System/Library/Frameworks/ApplicationServices.framework/Versions/A/Frameworks/LangAnalysis.framework/Versions/A/LangAnalysis
0x0000000004240000 	/System/Library/Frameworks/ApplicationServices.framework/Versions/A/Frameworks/PrintCore.framework/Versions/A/PrintCore
0x0000000004240000 	/System/Library/Frameworks/ApplicationServices.framework/Versions/A/Frameworks/QD.framework/Versions/A/QD
0x0000000004240000 	/System/Library/Frameworks/ApplicationServices.framework/Versions/A/Frameworks/SpeechSynthesis.framework/Versions/A/SpeechSynthesis
0x0000000004240000 	/System/Library/Frameworks/Accelerate.framework/Versions/A/Accelerate
0x0000000004240000 	/System/Library/Frameworks/Accelerate.framework/Versions/A/Frameworks/vImage.framework/Versions/A/vImage
0x0000000004240000 	/System/Library/Frameworks/Accelerate.framework/Versions/A/Frameworks/vecLib.framework/Versions/A/vecLib
0x0000000004240000 	/System/Library/Frameworks/Accelerate.framework/Versions/A/Frameworks/vecLib.framework/Versions/A/libvDSP.dylib
0x0000000004240000 	/System/Library/Frameworks/Accelerate.framework/Versions/A/Frameworks/vecLib.framework/Versions/A/libvMisc.dylib
0x0000000004240000 	/System/Library/Frameworks/Accelerate.framework/Versions/A/Frameworks/vecLib.framework/Versions/A/libLAPACK.dylib
0x0000000004240000 	/System/Library/Frameworks/Accelerate.framework/Versions/A/Frameworks/vecLib.framework/Versions/A/libBLAS.dylib
0x0000000004240000 	/System/Library/Frameworks/Accelerate.framework/Versions/A/Frameworks/vecLib.framework/Versions/A/libLinearAlgebra.dylib
0x0000000004240000 	/System/Library/Frameworks/ApplicationServices.framework/Versions/A/Frameworks/ATS.framework/Versions/A/Resources/libFontParser.dylib
0x0000000004240000 	/System/Library/Frameworks/ApplicationServices.framework/Versions/A/Frameworks/ATS.framework/Versions/A/Resources/libFontRegistry.dylib
0x0000000004240000 	/System/Library/PrivateFrameworks/AppleVPA.framework/Versions/A/AppleVPA
0x0000000004240000 	/System/Library/PrivateFrameworks/AppleJPEG.framework/Versions/A/AppleJPEG
0x0000000004240000 	/System/Library/Frameworks/ImageIO.framework/Versions/A/Resources/libJPEG.dylib
0x0000000004240000 	/System/Library/Frameworks/ImageIO.framework/Versions/A/Resources/libTIFF.dylib
0x0000000004240000 	/System/Library/Frameworks/ImageIO.framework/Versions/A/Resources/libPng.dylib
0x0000000004240000 	/System/Library/Frameworks/ImageIO.framework/Versions/A/Resources/libGIF.dylib
0x0000000004240000 	/System/Library/Frameworks/ImageIO.framework/Versions/A/Resources/libJP2.dylib
0x0000000004240000 	/System/Library/Frameworks/ImageIO.framework/Versions/A/Resources/libRadiance.dylib
0x0000000004240000 	/System/Library/Frameworks/CoreVideo.framework/Versions/A/CoreVideo
0x0000000004240000 	/System/Library/Frameworks/OpenGL.framework/Versions/A/Libraries/libGLU.dylib
0x0000000004240000 	/System/Library/Frameworks/OpenGL.framework/Versions/A/Libraries/libGFXShared.dylib
0x0000000004240000 	/System/Library/Frameworks/OpenGL.framework/Versions/A/Libraries/libGL.dylib
0x0000000004240000 	/System/Library/Frameworks/OpenGL.framework/Versions/A/Libraries/libGLImage.dylib
0x0000000004240000 	/System/Library/Frameworks/OpenGL.framework/Versions/A/Libraries/libCVMSPluginSupport.dylib
0x0000000004240000 	/System/Library/Frameworks/OpenGL.framework/Versions/A/Libraries/libCoreVMClient.dylib
0x0000000004240000 	/usr/lib/libcups.2.dylib
0x0000000004240000 	/System/Library/Frameworks/Kerberos.framework/Versions/A/Kerberos
0x0000000004240000 	/System/Library/Frameworks/GSS.framework/Versions/A/GSS
0x0000000004240000 	/usr/lib/libresolv.9.dylib
0x0000000004240000 	/usr/lib/libiconv.2.dylib
0x0000000004240000 	/System/Library/PrivateFrameworks/Heimdal.framework/Versions/A/Heimdal
0x0000000004240000 	/usr/lib/libheimdal-asn1.dylib
0x0000000004240000 	/System/Library/Frameworks/OpenDirectory.framework/Versions/A/OpenDirectory
0x0000000004240000 	/System/Library/PrivateFrameworks/CommonAuth.framework/Versions/A/CommonAuth
0x0000000004240000 	/System/Library/Frameworks/OpenDirectory.framework/Versions/A/Frameworks/CFOpenDirectory.framework/Versions/A/CFOpenDirectory
0x0000000004240000 	/System/Library/Frameworks/SecurityFoundation.framework/Versions/A/SecurityFoundation
0x0000000004240000 	/System/Library/PrivateFrameworks/LanguageModeling.framework/Versions/A/LanguageModeling
0x0000000004240000 	/usr/lib/libcmph.dylib
0x0000000004240000 	/System/Library/Frameworks/ServiceManagement.framework/Versions/A/ServiceManagement
0x0000000004240000 	/usr/lib/libxslt.1.dylib
0x0000000004240000 	/System/Library/Frameworks/Carbon.framework/Versions/A/Frameworks/Ink.framework/Versions/A/Ink
0x0000000004240000 	/System/Library/Frameworks/QuartzCore.framework/Versions/A/Frameworks/CoreImage.framework/Versions/A/CoreImage
0x0000000004240000 	/System/Library/PrivateFrameworks/CrashReporterSupport.framework/Versions/A/CrashReporterSupport
0x0000000004240000 	/System/Library/Frameworks/OpenCL.framework/Versions/A/OpenCL
0x0000000004240000 	/System/Library/PrivateFrameworks/FaceCore.framework/Versions/A/FaceCore
0x0000000004240000 	/System/Library/PrivateFrameworks/Ubiquity.framework/Versions/A/Ubiquity
0x0000000004240000 	/System/Library/PrivateFrameworks/IconServices.framework/Versions/A/IconServices
0x0000000004240000 	/System/Library/PrivateFrameworks/ChunkingLibrary.framework/Versions/A/ChunkingLibrary
0x0000000004240000 	/System/Library/PrivateFrameworks/Apple80211.framework/Versions/A/Apple80211
0x0000000004240000 	/System/Library/Frameworks/CoreWLAN.framework/Versions/A/CoreWLAN
0x0000000004240000 	/System/Library/Frameworks/IOBluetooth.framework/Versions/A/IOBluetooth
0x0000000004240000 	/System/Library/PrivateFrameworks/CoreWiFi.framework/Versions/A/CoreWiFi
0x0000000004240000 	/System/Library/Frameworks/CoreBluetooth.framework/Versions/A/CoreBluetooth
0x0000000004240000 	/System/Library/PrivateFrameworks/DebugSymbols.framework/Versions/A/DebugSymbols
0x0000000004240000 	/System/Library/PrivateFrameworks/CoreSymbolication.framework/Versions/A/CoreSymbolication
0x0000000004240000 	/System/Library/PrivateFrameworks/Symbolication.framework/Versions/A/Symbolication
0x0000000004240000 	/System/Library/PrivateFrameworks/SpeechRecognitionCore.framework/Versions/A/SpeechRecognitionCore
0x0000000109400000 	/Library/Java/JavaVirtualMachines/jdk1.8.0_05.jdk/Contents/Home/jre/lib/server/libjvm.dylib
0x0000000004240000 	/usr/lib/libstdc++.6.dylib
0x00000001083ea000 	/Library/Java/JavaVirtualMachines/jdk1.8.0_05.jdk/Contents/Home/jre/lib/libverify.dylib
0x000000010a2c0000 	/Library/Java/JavaVirtualMachines/jdk1.8.0_05.jdk/Contents/Home/jre/lib/libjava.dylib
0x000000010a2fc000 	/Library/Java/JavaVirtualMachines/jdk1.8.0_05.jdk/Contents/Home/jre/lib/libzip.dylib
0x0000000125ed8000 	/System/Library/Frameworks/JavaVM.framework/Frameworks/JavaRuntimeSupport.framework/JavaRuntimeSupport
0x0000000125ef0000 	/System/Library/Frameworks/JavaVM.framework/Versions/A/Frameworks/JavaNativeFoundation.framework/Versions/A/JavaNativeFoundation
0x0000000125f05000 	/System/Library/Frameworks/JavaVM.framework/Versions/A/JavaVM
0x0000000004240000 	/System/Library/Frameworks/Carbon.framework/Versions/A/Carbon
0x0000000125f12000 	/System/Library/PrivateFrameworks/JavaLaunching.framework/Versions/A/JavaLaunching
0x0000000004240000 	/System/Library/Frameworks/Carbon.framework/Versions/A/Frameworks/CommonPanels.framework/Versions/A/CommonPanels
0x0000000004240000 	/System/Library/Frameworks/Carbon.framework/Versions/A/Frameworks/Help.framework/Versions/A/Help
0x0000000004240000 	/System/Library/Frameworks/Carbon.framework/Versions/A/Frameworks/ImageCapture.framework/Versions/A/ImageCapture
0x0000000004240000 	/System/Library/Frameworks/Carbon.framework/Versions/A/Frameworks/OpenScripting.framework/Versions/A/OpenScripting
0x0000000004240000 	/System/Library/Frameworks/Carbon.framework/Versions/A/Frameworks/Print.framework/Versions/A/Print
0x0000000004240000 	/System/Library/Frameworks/Carbon.framework/Versions/A/Frameworks/SecurityHI.framework/Versions/A/SecurityHI
0x0000000125f1e000 	/Library/Java/JavaVirtualMachines/jdk1.8.0_05.jdk/Contents/Home/jre/lib/libawt.dylib
0x00000001281e3000 	/Library/Java/JavaVirtualMachines/jdk1.8.0_05.jdk/Contents/Home/jre/lib/./libmlib_image.dylib
0x000000012850b000 	/Library/Java/JavaVirtualMachines/jdk1.8.0_05.jdk/Contents/Home/jre/lib/libawt_lwawt.dylib
0x0000000125fcd000 	/Library/Java/JavaVirtualMachines/jdk1.8.0_05.jdk/Contents/Home/jre/lib/./libosxapp.dylib
0x0000000004240000 	/System/Library/Frameworks/ExceptionHandling.framework/Versions/A/ExceptionHandling
0x0000000004240000 	/System/Library/PrivateFrameworks/CoreServicesInternal.framework/Versions/A/CoreServicesInternal
0x0000000004240000 	/System/Library/PrivateFrameworks/CloudDocs.framework/Versions/A/CloudDocs
0x0000000004240000 	/System/Library/PrivateFrameworks/CoreDuet.framework/Versions/A/CoreDuet
0x0000000004240000 	/System/Library/Frameworks/CloudKit.framework/Versions/A/CloudKit
0x0000000004240000 	/System/Library/PrivateFrameworks/ProtocolBuffer.framework/Versions/A/ProtocolBuffer
0x0000000004240000 	/System/Library/PrivateFrameworks/CoreDuetDaemonProtocol.framework/Versions/A/CoreDuetDaemonProtocol
0x0000000004240000 	/System/Library/PrivateFrameworks/CoreDuetDebugLogging.framework/Versions/A/CoreDuetDebugLogging
0x0000000004240000 	/System/Library/PrivateFrameworks/MMCS.framework/Versions/A/MMCS
0x0000000004240000 	/System/Library/Frameworks/CoreLocation.framework/Versions/A/CoreLocation
0x0000000004240000 	/System/Library/PrivateFrameworks/ProtectedCloudStorage.framework/Versions/A/ProtectedCloudStorage
0x0000000004240000 	/System/Library/PrivateFrameworks/GeoServices.framework/Versions/A/GeoServices
0x0000000004240000 	/System/Library/Frameworks/CoreGraphics.framework/Versions/A/Resources/libCGCMS.A.dylib
0x0000000004240000 	/System/Library/Frameworks/CoreGraphics.framework/Versions/A/Resources/libRIP.A.dylib
0x0000000004240000 	/System/Library/CoreServices/RawCamera.bundle/Contents/MacOS/RawCamera
0x0000000004240000 	/System/Library/Frameworks/CoreGraphics.framework/Versions/A/Resources/libCGXType.A.dylib
0x0000000004240000 	/System/Library/Frameworks/OpenCL.framework/Versions/A/Libraries/libcldcpuengine.dylib
0x0000000004240000 	/System/Library/PrivateFrameworks/DiskImages.framework/Versions/A/DiskImages
0x0000000004240000 	/System/Library/Frameworks/DiscRecording.framework/Versions/A/DiscRecording
0x0000000004240000 	/usr/lib/libcsfde.dylib
0x0000000004240000 	/usr/lib/libcurl.4.dylib
0x0000000004240000 	/System/Library/PrivateFrameworks/MediaKit.framework/Versions/A/MediaKit
0x0000000004240000 	/usr/lib/libCoreStorage.dylib
0x0000000004240000 	/System/Library/PrivateFrameworks/EFILogin.framework/Versions/A/EFILogin
0x0000000004240000 	/usr/lib/libutil.dylib
0x0000000004240000 	/System/Library/PrivateFrameworks/FindMyDevice.framework/Versions/A/FindMyDevice
0x0000000004240000 	/System/Library/Frameworks/LDAP.framework/Versions/A/LDAP
0x0000000004240000 	/usr/lib/libsasl2.2.dylib
0x0000000004240000 	/System/Library/PrivateFrameworks/CoreDaemon.framework/Versions/B/CoreDaemon
0x0000000004240000 	/usr/lib/libcrypto.0.9.8.dylib
0x0000000004240000 	/System/Library/PrivateFrameworks/AppleSRP.framework/Versions/A/AppleSRP
0x0000000004240000 	/System/Library/PrivateFrameworks/TrustEvaluationAgent.framework/Versions/A/TrustEvaluationAgent
0x00000001281c0000 	cl_kernels
0x000000012ba56000 	/System/Library/Frameworks/OpenCL.framework/Versions/A/Libraries/ImageFormats/unorm8_bgra.dylib
0x0000000128368000 	cl_kernels
0x0000000004240000 	/System/Library/PrivateFrameworks/FamilyControls.framework/Versions/A/FamilyControls
0x0000000004240000 	/System/Library/PrivateFrameworks/CommerceKit.framework/Versions/A/Frameworks/CommerceCore.framework/Versions/A/CommerceCore
0x0000000004240000 	/System/Library/PrivateFrameworks/SystemAdministration.framework/Versions/A/SystemAdministration
0x0000000004240000 	/System/Library/PrivateFrameworks/AppContainer.framework/Versions/A/AppContainer
0x0000000004240000 	/System/Library/PrivateFrameworks/SecCodeWrapper.framework/Versions/A/SecCodeWrapper
0x0000000004240000 	/System/Library/Frameworks/DirectoryService.framework/Versions/A/DirectoryService
0x0000000004240000 	/System/Library/PrivateFrameworks/LoginUIKit.framework/Versions/A/Frameworks/LoginUICore.framework/Versions/A/LoginUICore
0x0000000004240000 	/usr/lib/libodfde.dylib

VM Arguments:
java_command: ten
java_class_path (initial): ../../../lib/burlap.jar:.
Launcher Type: SUN_STANDARD

Environment Variables:
PATH=/Library/Frameworks/Python.framework/Versions/2.7/bin:/Library/Frameworks/Python.framework/Versions/2.7/bin:/usr/local/bin:/usr/bin:/bin:/usr/sbin:/sbin:/usr/texbin:/Users/mlittman/bin:/usr/bin/X11:/opt/local/bin:/usr/local/Cellar:/usr/local/Cellar/sdl/1.2.15/include/SDL:/sw/bin:.:/Applications/Julia.app/Contents/Resources/julia/bin:/Users/mlittman/bin:/usr/bin/X11:/opt/local/bin:/usr/local/Cellar:/usr/local/Cellar/sdl/1.2.15/include/SDL:/sw/bin:.:/Applications/Julia.app/Contents/Resources/julia/bin
SHELL=/bin/csh
HOSTTYPE=intel-mac
OSTYPE=darwin
MACHTYPE=x86_64

Signal Handlers:
SIGSEGV: [libjvm.dylib+0x55f7df], sa_mask[0]=0xfffefeff, sa_flags=0x00000043
SIGBUS: [libjvm.dylib+0x55f7df], sa_mask[0]=0xfffefeff, sa_flags=0x00000042
SIGFPE: [libjvm.dylib+0x442cfa], sa_mask[0]=0xfffefeff, sa_flags=0x00000042
SIGPIPE: [libjvm.dylib+0x442cfa], sa_mask[0]=0xfffefeff, sa_flags=0x00000042
SIGXFSZ: [libjvm.dylib+0x442cfa], sa_mask[0]=0xfffefeff, sa_flags=0x00000042
SIGILL: [libjvm.dylib+0x442cfa], sa_mask[0]=0xfffefeff, sa_flags=0x00000042
SIGUSR1: SIG_DFL, sa_mask[0]=0x00000000, sa_flags=0x00000002
SIGUSR2: [libjvm.dylib+0x442818], sa_mask[0]=0x00000000, sa_flags=0x00000042
SIGHUP: [libjvm.dylib+0x440ba5], sa_mask[0]=0xfffefeff, sa_flags=0x00000042
SIGINT: [libjvm.dylib+0x440ba5], sa_mask[0]=0xfffefeff, sa_flags=0x00000042
SIGTERM: [libjvm.dylib+0x440ba5], sa_mask[0]=0xfffefeff, sa_flags=0x00000042
SIGQUIT: [libjvm.dylib+0x440ba5], sa_mask[0]=0xfffefeff, sa_flags=0x00000042


---------------  S Y S T E M  ---------------

OS:Bsduname:Darwin 14.3.0 Darwin Kernel Version 14.3.0: Mon Mar 23 11:59:05 PDT 2015; root:xnu-2782.20.48~5/RELEASE_X86_64 x86_64
rlimit: STACK 8515k, CORE 0k, NPROC 709, NOFILE 10240, AS infinity
load average:3.03 2.72 2.54

CPU:total 8 (4 cores per cpu, 2 threads per core) family 6 model 58 stepping 9, cmov, cx8, fxsr, mmx, sse, sse2, sse3, ssse3, sse4.1, sse4.2, popcnt, avx, aes, clmul, erms, ht, tsc, tscinvbit

Memory: 4k page, physical 16777216k(2050500k free)

/proc/meminfo:


vm_info: Java HotSpot(TM) 64-Bit Server VM (25.5-b02) for bsd-amd64 JRE (1.8.0_05-b13), built on Mar 18 2014 00:36:13 by "java_re" with gcc 4.2.1 (Based on Apple Inc. build 5658) (LLVM build 2336.11.00)

time: Sun Jul  5 17:14:24 2015
elapsed time: 12 seconds

